{
  "stats": {
    "suites": 2,
    "tests": 2,
    "passes": 2,
    "pending": 0,
    "failures": 0,
    "start": "2020-11-23T23:40:26.654Z",
    "end": "2020-11-23T23:40:27.808Z",
    "duration": 1154,
    "testsRegistered": 2,
    "passPercent": 100,
    "pendingPercent": 0,
    "other": 0,
    "hasOther": false,
    "skipped": 0,
    "hasSkipped": false
  },
  "results": [
    {
      "uuid": "cbfd43e0-09e4-4569-8b72-3e26b698df66",
      "title": "",
      "fullFile": "cypress\\integration\\load\\load.spec.ts",
      "file": "cypress\\integration\\load\\load.spec.ts",
      "beforeHooks": [],
      "afterHooks": [],
      "tests": [],
      "suites": [
        {
          "uuid": "75eade37-6860-48bf-aefa-35cdfb47262c",
          "title": "page loads:",
          "fullFile": "",
          "file": "",
          "beforeHooks": [],
          "afterHooks": [],
          "tests": [],
          "suites": [
            {
              "uuid": "c3da2992-b320-467c-ba09-ab0894b64af5",
              "title": "Home page:",
              "fullFile": "",
              "file": "",
              "beforeHooks": [],
              "afterHooks": [],
              "tests": [
                {
                  "title": "home page loads",
                  "fullTitle": "page loads: Home page: home page loads",
                  "timedOut": null,
                  "duration": 868,
                  "state": "passed",
                  "speed": "slow",
                  "pass": true,
                  "fail": false,
                  "pending": false,
                  "context": null,
                  "code": "cy.get(selectors.homeLink).contains('prodev.live');",
                  "err": {},
                  "uuid": "2ae55cfb-fa7c-449a-bd49-9d3e0cd4df6d",
                  "parentUUID": "c3da2992-b320-467c-ba09-ab0894b64af5",
                  "isHook": false,
                  "skipped": false
                },
                {
                  "title": "home page shows creators",
                  "fullTitle": "page loads: Home page: home page shows creators",
                  "timedOut": null,
                  "duration": 261,
                  "state": "passed",
                  "speed": "slow",
                  "pass": true,
                  "fail": false,
                  "pending": false,
                  "context": null,
                  "code": "cy.get('h2').contains('Creators');",
                  "err": {},
                  "uuid": "f292ad0c-12bd-49e3-8046-4c65b7393876",
                  "parentUUID": "c3da2992-b320-467c-ba09-ab0894b64af5",
                  "isHook": false,
                  "skipped": false
                }
              ],
              "suites": [],
              "passes": [
                "2ae55cfb-fa7c-449a-bd49-9d3e0cd4df6d",
                "f292ad0c-12bd-49e3-8046-4c65b7393876"
              ],
              "failures": [],
              "pending": [],
              "skipped": [],
              "duration": 1129,
              "root": false,
              "rootEmpty": false,
              "_timeout": 2000
            }
          ],
          "passes": [],
          "failures": [],
          "pending": [],
          "skipped": [],
          "duration": 0,
          "root": false,
          "rootEmpty": false,
          "_timeout": 2000
        }
      ],
      "passes": [],
      "failures": [],
      "pending": [],
      "skipped": [],
      "duration": 0,
      "root": true,
      "rootEmpty": true,
      "_timeout": 2000
    }
  ],
  "meta": {
    "mocha": {
      "version": "7.0.1"
    },
    "mochawesome": {
      "options": {
        "quiet": false,
        "reportFilename": "mochawesome",
        "saveHtml": false,
        "saveJson": true,
        "consoleReporter": "spec",
        "useInlineDiffs": false,
        "code": true
      },
      "version": "6.2.1"
    },
    "marge": {
      "options": {
        "reportDir": "cypress/results",
        "overwrite": true,
        "html": false,
        "json": true
      },
      "version": "5.1.0"
    }
  }
}